2023-07-19T11:41:03 DEBUG    [C:\Users\MelissaLu\Anaconda3\lib\site-packages\urllib3\connectionpool.py:1003 _new_conn Starting new HTTPS connection (1): dash.preteckt.us:443
2023-07-19T11:41:04 DEBUG    [C:\Users\MelissaLu\Anaconda3\lib\site-packages\urllib3\connectionpool.py:456 _make_request https://dash.preteckt.us:443 "GET /api/alerts/?status=active&page_size=100000 HTTP/1.1" 200 98976
2023-07-19T11:41:04 INFO     [C:\Users\MelissaLu\Projects\Preteckt\preteckt\__init__.py:36 getRequest Got 50 items. Next: https://dash.preteckt.us/api/alerts/?page=2&page_size=100000&status=active
2023-07-19T11:41:04 DEBUG    [C:\Users\MelissaLu\Anaconda3\lib\site-packages\urllib3\connectionpool.py:1003 _new_conn Starting new HTTPS connection (1): dash.preteckt.us:443
2023-07-19T11:41:06 DEBUG    [C:\Users\MelissaLu\Anaconda3\lib\site-packages\urllib3\connectionpool.py:456 _make_request https://dash.preteckt.us:443 "GET /api/alerts/?page=2&page_size=100000&status=active&status=active&page_size=100000 HTTP/1.1" 200 79822
2023-07-19T11:41:06 INFO     [C:\Users\MelissaLu\Projects\Preteckt\preteckt\__init__.py:36 getRequest Got 50 items. Next: https://dash.preteckt.us/api/alerts/?page=3&page_size=100000&page_size=100000&status=active&status=active
2023-07-19T11:41:06 DEBUG    [C:\Users\MelissaLu\Anaconda3\lib\site-packages\urllib3\connectionpool.py:1003 _new_conn Starting new HTTPS connection (1): dash.preteckt.us:443
2023-07-19T11:41:07 DEBUG    [C:\Users\MelissaLu\Anaconda3\lib\site-packages\urllib3\connectionpool.py:456 _make_request https://dash.preteckt.us:443 "GET /api/alerts/?page=3&page_size=100000&page_size=100000&status=active&status=active&status=active&page_size=100000 HTTP/1.1" 200 56408
2023-07-19T11:41:07 INFO     [C:\Users\MelissaLu\Projects\Preteckt\preteckt\__init__.py:36 getRequest Got 50 items. Next: https://dash.preteckt.us/api/alerts/?page=4&page_size=100000&page_size=100000&page_size=100000&status=active&status=active&status=active
2023-07-19T11:41:07 DEBUG    [C:\Users\MelissaLu\Anaconda3\lib\site-packages\urllib3\connectionpool.py:1003 _new_conn Starting new HTTPS connection (1): dash.preteckt.us:443
2023-07-19T11:41:09 DEBUG    [C:\Users\MelissaLu\Anaconda3\lib\site-packages\urllib3\connectionpool.py:456 _make_request https://dash.preteckt.us:443 "GET /api/alerts/?page=4&page_size=100000&page_size=100000&page_size=100000&status=active&status=active&status=active&status=active&page_size=100000 HTTP/1.1" 200 62984
2023-07-19T11:41:09 INFO     [C:\Users\MelissaLu\Projects\Preteckt\preteckt\__init__.py:36 getRequest Got 50 items. Next: https://dash.preteckt.us/api/alerts/?page=5&page_size=100000&page_size=100000&page_size=100000&page_size=100000&status=active&status=active&status=active&status=active
2023-07-19T11:41:09 DEBUG    [C:\Users\MelissaLu\Anaconda3\lib\site-packages\urllib3\connectionpool.py:1003 _new_conn Starting new HTTPS connection (1): dash.preteckt.us:443
2023-07-19T11:41:10 DEBUG    [C:\Users\MelissaLu\Anaconda3\lib\site-packages\urllib3\connectionpool.py:456 _make_request https://dash.preteckt.us:443 "GET /api/alerts/?page=5&page_size=100000&page_size=100000&page_size=100000&page_size=100000&status=active&status=active&status=active&status=active&status=active&page_size=100000 HTTP/1.1" 200 64703
2023-07-19T11:41:10 INFO     [C:\Users\MelissaLu\Projects\Preteckt\preteckt\__init__.py:36 getRequest Got 50 items. Next: https://dash.preteckt.us/api/alerts/?page=6&page_size=100000&page_size=100000&page_size=100000&page_size=100000&page_size=100000&status=active&status=active&status=active&status=active&status=active
2023-07-19T11:41:10 DEBUG    [C:\Users\MelissaLu\Anaconda3\lib\site-packages\urllib3\connectionpool.py:1003 _new_conn Starting new HTTPS connection (1): dash.preteckt.us:443
2023-07-19T11:41:12 DEBUG    [C:\Users\MelissaLu\Anaconda3\lib\site-packages\urllib3\connectionpool.py:456 _make_request https://dash.preteckt.us:443 "GET /api/alerts/?page=6&page_size=100000&page_size=100000&page_size=100000&page_size=100000&page_size=100000&status=active&status=active&status=active&status=active&status=active&status=active&page_size=100000 HTTP/1.1" 200 74535
2023-07-19T11:41:12 INFO     [C:\Users\MelissaLu\Projects\Preteckt\preteckt\__init__.py:36 getRequest Got 50 items. Next: https://dash.preteckt.us/api/alerts/?page=7&page_size=100000&page_size=100000&page_size=100000&page_size=100000&page_size=100000&page_size=100000&status=active&status=active&status=active&status=active&status=active&status=active
2023-07-19T11:41:12 DEBUG    [C:\Users\MelissaLu\Anaconda3\lib\site-packages\urllib3\connectionpool.py:1003 _new_conn Starting new HTTPS connection (1): dash.preteckt.us:443
2023-07-19T11:41:13 DEBUG    [C:\Users\MelissaLu\Anaconda3\lib\site-packages\urllib3\connectionpool.py:456 _make_request https://dash.preteckt.us:443 "GET /api/alerts/?page=7&page_size=100000&page_size=100000&page_size=100000&page_size=100000&page_size=100000&page_size=100000&status=active&status=active&status=active&status=active&status=active&status=active&status=active&page_size=100000 HTTP/1.1" 200 68996
2023-07-19T11:41:13 INFO     [C:\Users\MelissaLu\Projects\Preteckt\preteckt\__init__.py:36 getRequest Got 50 items. Next: https://dash.preteckt.us/api/alerts/?page=8&page_size=100000&page_size=100000&page_size=100000&page_size=100000&page_size=100000&page_size=100000&page_size=100000&status=active&status=active&status=active&status=active&status=active&status=active&status=active
2023-07-19T11:41:13 DEBUG    [C:\Users\MelissaLu\Anaconda3\lib\site-packages\urllib3\connectionpool.py:1003 _new_conn Starting new HTTPS connection (1): dash.preteckt.us:443
2023-07-19T11:41:14 DEBUG    [C:\Users\MelissaLu\Anaconda3\lib\site-packages\urllib3\connectionpool.py:456 _make_request https://dash.preteckt.us:443 "GET /api/alerts/?page=8&page_size=100000&page_size=100000&page_size=100000&page_size=100000&page_size=100000&page_size=100000&page_size=100000&status=active&status=active&status=active&status=active&status=active&status=active&status=active&status=active&page_size=100000 HTTP/1.1" 200 73426
2023-07-19T11:41:14 INFO     [C:\Users\MelissaLu\Projects\Preteckt\preteckt\__init__.py:36 getRequest Got 50 items. Next: https://dash.preteckt.us/api/alerts/?page=9&page_size=100000&page_size=100000&page_size=100000&page_size=100000&page_size=100000&page_size=100000&page_size=100000&page_size=100000&status=active&status=active&status=active&status=active&status=active&status=active&status=active&status=active
2023-07-19T11:41:14 DEBUG    [C:\Users\MelissaLu\Anaconda3\lib\site-packages\urllib3\connectionpool.py:1003 _new_conn Starting new HTTPS connection (1): dash.preteckt.us:443
2023-07-19T11:41:15 DEBUG    [C:\Users\MelissaLu\Anaconda3\lib\site-packages\urllib3\connectionpool.py:456 _make_request https://dash.preteckt.us:443 "GET /api/alerts/?page=9&page_size=100000&page_size=100000&page_size=100000&page_size=100000&page_size=100000&page_size=100000&page_size=100000&page_size=100000&status=active&status=active&status=active&status=active&status=active&status=active&status=active&status=active&status=active&page_size=100000 HTTP/1.1" 200 38986
2023-07-19T11:41:15 INFO     [C:\Users\MelissaLu\Projects\Preteckt\preteckt\__init__.py:36 getRequest Got 31 items. Next: None
2023-07-19T11:41:15 DEBUG    [C:\Users\MelissaLu\Anaconda3\lib\site-packages\urllib3\connectionpool.py:1003 _new_conn Starting new HTTPS connection (1): eam-u2alnxapp.metrolinxuat.com:443
2023-07-19T11:41:15 DEBUG    [C:\Users\MelissaLu\Anaconda3\lib\site-packages\urllib3\connectionpool.py:456 _make_request https://eam-u2alnxapp.metrolinxuat.com:443 "GET /web/base/logindisp HTTP/1.1" 200 None
2023-07-19T11:41:16 DEBUG    [C:\Users\MelissaLu\Anaconda3\lib\site-packages\urllib3\connectionpool.py:456 _make_request https://eam-u2alnxapp.metrolinxuat.com:443 "POST /web/base/login HTTP/1.1" 200 None
2023-07-19T11:41:21 DEBUG    [C:\Users\MelissaLu\Anaconda3\lib\site-packages\urllib3\connectionpool.py:456 _make_request https://eam-u2alnxapp.metrolinxuat.com:443 "POST /web/base/WSJOBS.xmlhttp HTTP/1.1" 200 512
2023-07-19T11:41:21 DEBUG    [C:\Users\MelissaLu\Anaconda3\lib\site-packages\urllib3\connectionpool.py:1003 _new_conn Starting new HTTPS connection (1): eam-u2alnxapp.metrolinxuat.com:443
2023-07-19T11:41:21 DEBUG    [C:\Users\MelissaLu\Anaconda3\lib\site-packages\urllib3\connectionpool.py:456 _make_request https://eam-u2alnxapp.metrolinxuat.com:443 "GET /web/base/logindisp HTTP/1.1" 200 None
2023-07-19T11:41:23 DEBUG    [C:\Users\MelissaLu\Anaconda3\lib\site-packages\urllib3\connectionpool.py:456 _make_request https://eam-u2alnxapp.metrolinxuat.com:443 "POST /web/base/login HTTP/1.1" 200 None
2023-07-19T11:41:24 DEBUG    [C:\Users\MelissaLu\Anaconda3\lib\site-packages\urllib3\connectionpool.py:456 _make_request https://eam-u2alnxapp.metrolinxuat.com:443 "POST /web/base/OSOBJS.HDR HTTP/1.1" 200 None
2023-07-19T11:41:24 DEBUG    [C:\Users\MelissaLu\Anaconda3\lib\site-packages\urllib3\connectionpool.py:1003 _new_conn Starting new HTTPS connection (1): eam-u2alnxapp.metrolinxuat.com:443
2023-07-19T11:41:24 DEBUG    [C:\Users\MelissaLu\Anaconda3\lib\site-packages\urllib3\connectionpool.py:456 _make_request https://eam-u2alnxapp.metrolinxuat.com:443 "GET /web/base/logindisp HTTP/1.1" 200 None
2023-07-19T11:41:25 DEBUG    [C:\Users\MelissaLu\Anaconda3\lib\site-packages\urllib3\connectionpool.py:456 _make_request https://eam-u2alnxapp.metrolinxuat.com:443 "POST /web/base/login HTTP/1.1" 200 None
2023-07-19T11:41:26 DEBUG    [C:\Users\MelissaLu\Anaconda3\lib\site-packages\urllib3\connectionpool.py:456 _make_request https://eam-u2alnxapp.metrolinxuat.com:443 "POST /web/base/OSOBJS.MTR HTTP/1.1" 200 3095
2023-07-19T11:41:26 DEBUG    [C:\Users\MelissaLu\Anaconda3\lib\site-packages\urllib3\connectionpool.py:1003 _new_conn Starting new HTTPS connection (1): eam-u2alnxapp.metrolinxuat.com:443
2023-07-19T11:41:26 DEBUG    [C:\Users\MelissaLu\Anaconda3\lib\site-packages\urllib3\connectionpool.py:456 _make_request https://eam-u2alnxapp.metrolinxuat.com:443 "GET /web/base/logindisp HTTP/1.1" 200 None
2023-07-19T11:41:27 DEBUG    [C:\Users\MelissaLu\Anaconda3\lib\site-packages\urllib3\connectionpool.py:456 _make_request https://eam-u2alnxapp.metrolinxuat.com:443 "POST /web/base/login HTTP/1.1" 200 None
2023-07-19T11:41:28 DEBUG    [C:\Users\MelissaLu\Anaconda3\lib\site-packages\urllib3\connectionpool.py:456 _make_request https://eam-u2alnxapp.metrolinxuat.com:443 "POST /web/base/WSJOBS.HDR?pageaction=SAVE HTTP/1.1" 200 171
2023-07-19T11:41:28 DEBUG    [C:\Users\MelissaLu\Anaconda3\lib\site-packages\urllib3\connectionpool.py:1003 _new_conn Starting new HTTPS connection (1): eam-u2alnxapp.metrolinxuat.com:443
2023-07-19T11:41:28 DEBUG    [C:\Users\MelissaLu\Anaconda3\lib\site-packages\urllib3\connectionpool.py:456 _make_request https://eam-u2alnxapp.metrolinxuat.com:443 "GET /web/base/logindisp HTTP/1.1" 200 None
2023-07-19T11:41:29 DEBUG    [C:\Users\MelissaLu\Anaconda3\lib\site-packages\urllib3\connectionpool.py:456 _make_request https://eam-u2alnxapp.metrolinxuat.com:443 "POST /web/base/login HTTP/1.1" 200 None
2023-07-19T11:41:29 DEBUG    [C:\Users\MelissaLu\Anaconda3\lib\site-packages\urllib3\connectionpool.py:456 _make_request https://eam-u2alnxapp.metrolinxuat.com:443 "POST /web/base/WSJOBS.CMT?pageaction=SAVE HTTP/1.1" 200 125
2023-07-19T11:41:29 INFO     [C:\Users\MelissaLu\Projects\Preteckt\inforEAM\__init__.py:1161 postAddWOComments Post Failed: 'commentList'
2023-07-19T11:41:29 DEBUG    [C:\Users\MelissaLu\Anaconda3\lib\site-packages\urllib3\connectionpool.py:1003 _new_conn Starting new HTTPS connection (1): eam-u2alnxapp.metrolinxuat.com:443
2023-07-19T11:41:29 DEBUG    [C:\Users\MelissaLu\Anaconda3\lib\site-packages\urllib3\connectionpool.py:456 _make_request https://eam-u2alnxapp.metrolinxuat.com:443 "GET /web/base/logindisp HTTP/1.1" 200 None
